{
  "RSpec": {
    "coverage": {
      "/Users/y/yrails/talk/italk/spec/helpers/application_helper_spec.rb": [
        1,
        null,
        1,
        1,
        1,
        null,
        null
      ],
      "/Users/y/yrails/talk/italk/spec/rails_helper.rb": [
        null,
        1,
        1,
        1,
        null,
        1,
        1,
        null,
        null,
        null,
        null,
        null,
        null,
        null,
        null,
        null,
        null,
        null,
        null,
        null,
        null,
        null,
        null,
        null,
        null,
        null,
        1,
        null,
        1,
        null,
        1,
        null,
        null,
        null,
        null,
        1,
        null,
        null,
        null,
        null,
        null,
        null,
        null,
        null,
        null,
        null,
        null,
        null,
        null,
        null,
        1,
        null,
        null,
        1,
        null,
        null,
        null
      ],
      "/Users/y/yrails/talk/italk/config/environment.rb": [
        null,
        1,
        null,
        null,
        1
      ],
      "/Users/y/yrails/talk/italk/config/application.rb": [
        1,
        null,
        1,
        null,
        null,
        null,
        1,
        null,
        1,
        1,
        null,
        1,
        null,
        null,
        null,
        null,
        null,
        null
      ],
      "/Users/y/yrails/talk/italk/config/boot.rb": [
        1,
        null,
        1
      ],
      "/Users/y/yrails/talk/italk/config/environments/test.rb": [
        1,
        null,
        null,
        null,
        null,
        null,
        null,
        1,
        null,
        null,
        null,
        null,
        1,
        null,
        null,
        1,
        1,
        null,
        null,
        null,
        null,
        1,
        1,
        null,
        null,
        1,
        null,
        null,
        1,
        1,
        null,
        null,
        null,
        null,
        1,
        null,
        null,
        1,
        null,
        null,
        null,
        null
      ],
      "/Users/y/yrails/talk/italk/config/initializers/application_controller_renderer.rb": [
        null,
        null,
        null,
        null,
        null,
        null,
        null,
        null
      ],
      "/Users/y/yrails/talk/italk/config/initializers/assets.rb": [
        null,
        null,
        null,
        1,
        null,
        null,
        null,
        null,
        1,
        null,
        null,
        null,
        null,
        null
      ],
      "/Users/y/yrails/talk/italk/config/initializers/backtrace_silencers.rb": [
        null,
        null,
        null,
        null,
        null,
        null,
        null
      ],
      "/Users/y/yrails/talk/italk/config/initializers/cookies_serializer.rb": [
        null,
        null,
        null,
        null,
        1
      ],
      "/Users/y/yrails/talk/italk/config/initializers/filter_parameter_logging.rb": [
        null,
        null,
        null,
        1
      ],
      "/Users/y/yrails/talk/italk/config/initializers/inflections.rb": [
        null,
        null,
        null,
        null,
        null,
        null,
        null,
        null,
        null,
        null,
        null,
        null,
        null,
        null,
        null,
        null
      ],
      "/Users/y/yrails/talk/italk/config/initializers/mime_types.rb": [
        null,
        null,
        null,
        null
      ],
      "/Users/y/yrails/talk/italk/config/initializers/wrap_parameters.rb": [
        null,
        null,
        null,
        null,
        null,
        null,
        1,
        2,
        null,
        null,
        null,
        null,
        null,
        null
      ],
      "/Users/y/yrails/talk/italk/config/routes.rb": [
        1,
        1,
        1,
        1,
        null,
        null,
        null,
        null,
        1,
        null,
        null
      ],
      "/Users/y/yrails/talk/italk/app/helpers/application_helper.rb": [
        1,
        1,
        null,
        null,
        null,
        null,
        null,
        null,
        null,
        null,
        null,
        null,
        null
      ],
      "/Users/y/yrails/talk/italk/app/helpers/talks_helper.rb": [
        1,
        1,
        7,
        7,
        7,
        null,
        7,
        null,
        7,
        null,
        null,
        7,
        7,
        7,
        null,
        null,
        7,
        7,
        null,
        null,
        1,
        0,
        0,
        0,
        0,
        0,
        null,
        0,
        0,
        0,
        null,
        null,
        null,
        1,
        9,
        null,
        9,
        8,
        1,
        1,
        null,
        null,
        null,
        1,
        4,
        4,
        2,
        2,
        null,
        2,
        null,
        null,
        null,
        1,
        2,
        93,
        null,
        14,
        null,
        null,
        null,
        null,
        null,
        1,
        15,
        9,
        null,
        null,
        6,
        null,
        null,
        null
      ],
      "/Users/y/yrails/talk/italk/spec/helpers/talks_helper_spec.rb": [
        1,
        1,
        null,
        null,
        1,
        1,
        4,
        4,
        null,
        4,
        null,
        1,
        1,
        1,
        1,
        1,
        null,
        null,
        1,
        1,
        1,
        1,
        null,
        null,
        1,
        1,
        1,
        1,
        null,
        null,
        1,
        1,
        1,
        1,
        null,
        null,
        null
      ],
      "/Users/y/yrails/talk/italk/spec/models/talk_spec.rb": [
        1,
        null,
        1,
        null
      ],
      "/Users/y/yrails/talk/italk/app/models/talk.rb": [
        null,
        null,
        1,
        null,
        null,
        null,
        null,
        null,
        null,
        null,
        null,
        null,
        null,
        null,
        null,
        null,
        null
      ],
      "/Users/y/yrails/talk/italk/app/models/application_record.rb": [
        1,
        1,
        null
      ]
    },
    "timestamp": 1513067763
  }
}
